<?xml version="1.0" encoding="UTF-8"?>
<!-- Generated by org.testng.reporters.JUnitXMLReporter -->
<testsuite ignored="5" hostname="Pratikgil" failures="1" tests="6" name="Test To Verify CRM Login" time="120.599" errors="0" timestamp="2022-10-19T12:23:17 IST">
  <testcase classname="com.crm.testCases.Tc15NTBAssistedWithoutDocReq" name="NTBAssistedJourneyWithoutDocCC" time="22.675">
    <failure type="org.openqa.selenium.WebDriverException" message="unknown error: net::ERR_NAME_NOT_RESOLVED
  (Session info: chrome=106.0.5249.119)
Build info: version: &amp;apos;4.1.0&amp;apos;, revision: &amp;apos;87802e897b&amp;apos;
System info: host: &amp;apos;PRATIKGIL&amp;apos;, ip: &amp;apos;192.168.1.5&amp;apos;, os.name: &amp;apos;Windows 11&amp;apos;, os.arch: &amp;apos;amd64&amp;apos;, os.version: &amp;apos;10.0&amp;apos;, java.version: &amp;apos;11.0.14&amp;apos;
Driver info: org.openqa.selenium.chrome.ChromeDriver
Command: [766b323811287f590ed116519acd8a62, get {url=https://crmmobileuat.kotak.com/sn/app/login/login}]
Capabilities {acceptInsecureCerts: false, browserName: chrome, browserVersion: 106.0.5249.119, chrome: {chromedriverVersion: 106.0.5249.61 (511755355844..., userDataDir: C:\Users\PRATIK~1\AppData\L...}, goog:chromeOptions: {debuggerAddress: localhost:52100}, javascriptEnabled: true, networkConnectionEnabled: false, pageLoadStrategy: normal, platform: WINDOWS, platformName: WINDOWS, proxy: Proxy(), se:cdp: ws://localhost:52100/devtoo..., se:cdpVersion: 106.0.5249.119, setWindowRect: true, strictFileInteractability: false, timeouts: {implicit: 0, pageLoad: 300000, script: 30000}, unhandledPromptBehavior: dismiss and notify, webauthn:extension:credBlob: true, webauthn:extension:largeBlob: true, webauthn:virtualAuthenticators: true}
Session ID: 766b323811287f590ed116519acd8a62">
      <![CDATA[org.openqa.selenium.WebDriverException: unknown error: net::ERR_NAME_NOT_RESOLVED
  (Session info: chrome=106.0.5249.119)
Build info: version: '4.1.0', revision: '87802e897b'
System info: host: 'PRATIKGIL', ip: '192.168.1.5', os.name: 'Windows 11', os.arch: 'amd64', os.version: '10.0', java.version: '11.0.14'
Driver info: org.openqa.selenium.chrome.ChromeDriver
Command: [766b323811287f590ed116519acd8a62, get {url=https://crmmobileuat.kotak.com/sn/app/login/login}]
Capabilities {acceptInsecureCerts: false, browserName: chrome, browserVersion: 106.0.5249.119, chrome: {chromedriverVersion: 106.0.5249.61 (511755355844..., userDataDir: C:\Users\PRATIK~1\AppData\L...}, goog:chromeOptions: {debuggerAddress: localhost:52100}, javascriptEnabled: true, networkConnectionEnabled: false, pageLoadStrategy: normal, platform: WINDOWS, platformName: WINDOWS, proxy: Proxy(), se:cdp: ws://localhost:52100/devtoo..., se:cdpVersion: 106.0.5249.119, setWindowRect: true, strictFileInteractability: false, timeouts: {implicit: 0, pageLoad: 300000, script: 30000}, unhandledPromptBehavior: dismiss and notify, webauthn:extension:credBlob: true, webauthn:extension:largeBlob: true, webauthn:virtualAuthenticators: true}
Session ID: 766b323811287f590ed116519acd8a62
at org.openqa.selenium.remote.codec.w3c.W3CHttpResponseCodec.createException(W3CHttpResponseCodec.java:200)
at org.openqa.selenium.remote.codec.w3c.W3CHttpResponseCodec.decode(W3CHttpResponseCodec.java:133)
at org.openqa.selenium.remote.codec.w3c.W3CHttpResponseCodec.decode(W3CHttpResponseCodec.java:53)
at org.openqa.selenium.remote.HttpCommandExecutor.execute(HttpCommandExecutor.java:184)
at org.openqa.selenium.remote.service.DriverCommandExecutor.invokeExecute(DriverCommandExecutor.java:164)
at org.openqa.selenium.remote.service.DriverCommandExecutor.execute(DriverCommandExecutor.java:139)
at org.openqa.selenium.remote.RemoteWebDriver.execute(RemoteWebDriver.java:559)
at org.openqa.selenium.remote.RemoteWebDriver.get(RemoteWebDriver.java:328)
at com.crm.base.SetUp.setUpTest1(SetUp.java:48)
at com.crm.commonUtilities.CommonMethods.isTestRunnable(CommonMethods.java:315)
at com.crm.testCases.Tc15NTBAssistedWithoutDocReq.NTBAssistedJourneyWithoutDocCC(Tc15NTBAssistedWithoutDocReq.java:23)
at java.base/java.util.ArrayList.forEach(ArrayList.java:1541)
... Removed 31 stack frames]]>
    </failure>
  </testcase> <!-- NTBAssistedJourneyWithoutDocCC -->
  <testcase classname="com.crm.testCases.TC16WCDLOffer_ADHOC" name="WCDLOffer_forAdhoc" time="17.075">
    <skipped/>
  </testcase> <!-- WCDLOffer_forAdhoc -->
  <testcase classname="com.crm.testCases.TC17WCDLOffer_Sublimit" name="WCDLOffer_forSublimit" time="14.746">
    <skipped/>
  </testcase> <!-- WCDLOffer_forSublimit -->
  <testcase classname="com.crm.testCases.TC18WCDLOffer_Renewal" name="WCDLOffer_forRenewal" time="13.403">
    <skipped/>
  </testcase> <!-- WCDLOffer_forRenewal -->
  <testcase classname="com.crm.testCases.TC19OD_PL_PA" name="Kotak_OD_PL_PA" time="13.58">
    <skipped/>
  </testcase> <!-- Kotak_OD_PL_PA -->
  <testcase classname="com.crm.testCases.Tc20NTBAssistedDocReq" name="NTBAssistedJourneyWithDocCC" time="14.887">
    <skipped/>
  </testcase> <!-- NTBAssistedJourneyWithDocCC -->
  <testcase classname="com.crm.base.SetUp" name="@AfterTest tearDownTest" time="0.0">
    <ignored/>
  </testcase> <!-- @AfterTest tearDownTest -->
  <testcase classname="com.crm.base.SetUp" name="@AfterTest tearDownTest" time="0.0">
    <ignored/>
  </testcase> <!-- @AfterTest tearDownTest -->
  <testcase classname="com.crm.base.SetUp" name="@AfterTest tearDownTest" time="0.0">
    <ignored/>
  </testcase> <!-- @AfterTest tearDownTest -->
  <testcase classname="com.crm.base.SetUp" name="@AfterTest tearDownTest" time="0.0">
    <ignored/>
  </testcase> <!-- @AfterTest tearDownTest -->
  <testcase classname="com.crm.base.SetUp" name="@AfterTest tearDownTest" time="0.0">
    <ignored/>
  </testcase> <!-- @AfterTest tearDownTest -->
</testsuite> <!-- Test To Verify CRM Login -->
